<?xml version="1.0" encoding="UTF-8"?>
<!-- Generated by org.testng.reporters.JUnitReportReporter -->
<testsuite hostname="DESKTOP-PN8R175" failures="0" tests="1" name="TestCases.AutomationTestCases" time="15.775" errors="0" timestamp="2023-12-15T12:15:28 EST" skipped="0">
  <testcase classname="TestCases.AutomationTestCases" name="test1" time="15.775"/>
  <system-out/>
</testsuite> <!-- TestCases.AutomationTestCases -->
